c:\users\paolo parker\source\repos\celeritas engine\bin\debug\assimp-vc142-mtd.dll
c:\users\paolo parker\source\repos\celeritas engine\bin\debug\irrlicht.dll
c:\users\paolo parker\source\repos\celeritas engine\bin\debug\libpng16d.dll
c:\users\paolo parker\source\repos\celeritas engine\bin\debug\zlibd1.dll
c:\users\paolo parker\source\repos\celeritas engine\bin\debug\jpeg62.dll
c:\users\paolo parker\source\repos\celeritas engine\bin\debug\bz2d.dll
c:\users\paolo parker\source\repos\celeritas engine\build\debug\vc143.pdb
c:\users\paolo parker\source\repos\celeritas engine\build\debug\vc143.idb
c:\users\paolo parker\source\repos\celeritas engine\build\debug\vulkan_application.obj
c:\users\paolo parker\source\repos\celeritas engine\build\debug\model.obj
c:\users\paolo parker\source\repos\celeritas engine\build\debug\input.obj
c:\users\paolo parker\source\repos\celeritas engine\build\debug\camera.obj
c:\users\paolo parker\source\repos\celeritas engine\bin\debug\celeritas engine.exe
c:\users\paolo parker\source\repos\celeritas engine\build\debug\celeritas engine.ilk
c:\users\paolo parker\source\repos\celeritas engine\bin\debug\celeritas engine.pdb
c:\users\paolo parker\source\repos\celeritas engine\build\debug\celeritas engine.vcxproj.filelistabsolute.txt
c:\users\paolo parker\source\repos\celeritas engine\build\debug\celeritas engine.tlog\celeritas engine.write.1u.tlog
c:\users\paolo parker\source\repos\celeritas engine\build\debug\celeritas engine.tlog\cl.command.1.tlog
c:\users\paolo parker\source\repos\celeritas engine\build\debug\celeritas engine.tlog\cl.read.1.tlog
c:\users\paolo parker\source\repos\celeritas engine\build\debug\celeritas engine.tlog\cl.write.1.tlog
c:\users\paolo parker\source\repos\celeritas engine\build\debug\celeritas engine.tlog\link.command.1.tlog
c:\users\paolo parker\source\repos\celeritas engine\build\debug\celeritas engine.tlog\link.read.1.tlog
c:\users\paolo parker\source\repos\celeritas engine\build\debug\celeritas engine.tlog\link.write.1.tlog
